<?xml version="1.0" encoding="UTF-8"?>
<!-- Generated by org.testng.reporters.JUnitReportReporter -->
<testsuite hostname="DESKTOP-7T671AG" failures="0" tests="2" name="practice_package.Sample1Test" time="0.000" errors="0" timestamp="2022-11-17T16:53:54 IST" skipped="0">
  <testcase classname="practice_package.Sample1Test" name="test2" time="0.000"/>
  <system-out/>
  <testcase classname="practice_package.Sample1Test" name="test1" time="0.000"/>
  <system-out/>
</testsuite> <!-- practice_package.Sample1Test -->
