<?xml version="1.0" encoding="UTF-8"?>
<!-- Generated by org.testng.reporters.JUnitReportReporter -->
<testsuite hostname="DESKTOP-7T671AG" failures="0" tests="1" name="testNG.Maven_Github.AppTest" time="0.000" errors="0" timestamp="2022-11-17T16:53:55 IST" skipped="0">
  <testcase classname="testNG.Maven_Github.AppTest" name="testApp" time="0.000"/>
  <system-out/>
</testsuite> <!-- testNG.Maven_Github.AppTest -->
